#-----------------------------------------------------------
# Vivado v2018.3 (64-bit)
# SW Build 2405991 on Thu Dec  6 23:38:27 MST 2018
# IP Build 2404404 on Fri Dec  7 01:43:56 MST 2018
# Start of session at: Thu Oct 10 18:22:13 2024
# Process ID: 22444
# Current directory: U:/Xilinix/SystemVerilogAssignment/SystemVerilogCalculator
# Command line: vivado.exe -gui_launcher_event rodinguilauncherevent23904 U:\Xilinix\SystemVerilogAssignment\SystemVerilogCalculator\SystemVerilogCalculator.xpr
# Log file: U:/Xilinix/SystemVerilogAssignment/SystemVerilogCalculator/vivado.log
# Journal file: U:/Xilinix/SystemVerilogAssignment/SystemVerilogCalculator\vivado.jou
#-----------------------------------------------------------
start_gui
open_project U:/Xilinix/SystemVerilogAssignment/SystemVerilogCalculator/SystemVerilogCalculator.xpr
INFO: [Project 1-313] Project file moved from 'U:/Xilinix/SystemVerilogAssignment/SystemVerilogCalculator' since last save.
Scanning sources...
Finished scanning sources
INFO: [IP_Flow 19-234] Refreshing IP repositories
INFO: [IP_Flow 19-1704] No user IP repositories specifINFOINFO: [IP_Flow 19-2313] Loaded Vivado IP repository 'C:/Xilinx/Vivado/2018.3/data/ip'.
open_project: Time (s): cpu = 00:00:09 ; elapsed = 00:00:07 . Memory (MB): peak = 748.520 ; gain = 114.7opeupdate_compile_order -fileset sources_1
exit
INFO: [Common 17-206] Exiting Vivado at Thu Oct 10 18:44:06 2024...
mpile_order -fileset sources_1
exit
INFO: [Common 17-206] Exiting Vivado at Thu Oct 10 18:33:21 2024...
